# JRE version: OpenJDK Runtime Environment (11.0.1+13) (build 11.0.1+13)
# Java VM: OpenJDK 64-Bit Server VM (11.0.1+13, mixed mode, tiered, compressed oops, g1 gc, windows-amd64)
Heap:
 garbage-first heap   total 260096K, used 18750K [0x0000000703e00000, 0x0000000800000000)
  region size 1024K, 12 young (12288K), 3 survivors (3072K)
 Metaspace       used 21190K, capacity 21957K, committed 22272K, reserved 1069056K
  class space    used 2414K, capacity 2709K, committed 2816K, reserved 1048576K
GC Heap History (6 events):
Event: 0.980 GC heap before
{Heap before GC invocations=0 (full 0):
 garbage-first heap   total 260096K, used 24576K [0x0000000703e00000, 0x0000000800000000)
  region size 1024K, 24 young (24576K), 0 survivors (0K)
 Metaspace       used 11059K, capacity 11334K, committed 11392K, reserved 1058816K
  class space    used 1055K, capacity 1150K, committed 1152K, reserved 1048576K
}
Event: 0.989 GC heap after
{Heap after GC invocations=1 (full 0):
 garbage-first heap   total 260096K, used 8167K [0x0000000703e00000, 0x0000000800000000)
  region size 1024K, 3 young (3072K), 3 survivors (3072K)
 Metaspace       used 11059K, capacity 11334K, committed 11392K, reserved 1058816K
  class space    used 1055K, capacity 1150K, committed 1152K, reserved 1048576K
}
Event: 1.589 GC heap before
{Heap before GC invocations=1 (full 0):
 garbage-first heap   total 260096K, used 25575K [0x0000000703e00000, 0x0000000800000000)
  region size 1024K, 20 young (20480K), 3 survivors (3072K)
 Metaspace       used 14279K, capacity 14764K, committed 14976K, reserved 1062912K
  class space    used 1471K, capacity 1661K, committed 1664K, reserved 1048576K
}
Event: 1.595 GC heap after
{Heap after GC invocations=2 (full 0):
 garbage-first heap   total 260096K, used 9080K [0x0000000703e00000, 0x0000000800000000)
  region size 1024K, 1 young (1024K), 1 survivors (1024K)
 Metaspace       used 14279K, capacity 14764K, committed 14976K, reserved 1062912K
  class space    used 1471K, capacity 1661K, committed 1664K, reserved 1048576K
}
Event: 2.592 GC heap before
{Heap before GC invocations=2 (full 0):
 garbage-first heap   total 260096K, used 55160K [0x0000000703e00000, 0x0000000800000000)
  region size 1024K, 47 young (48128K), 1 survivors (1024K)
 Metaspace       used 20374K, capacity 21034K, committed 21248K, reserved 1069056K
  class space    used 2277K, capacity 2547K, committed 2560K, reserved 1048576K
}
Event: 2.597 GC heap after
{Heap after GC invocations=3 (full 0):
 garbage-first heap   total 260096K, used 10558K [0x0000000703e00000, 0x0000000800000000)
  region size 1024K, 3 young (3072K), 3 survivors (3072K)
 Metaspace       used 20374K, capacity 21034K, committed 21248K, reserved 1069056K
  class space    used 2277K, capacity 2547K, committed 2560K, reserved 1048576K
}

