# JRE version: OpenJDK Runtime Environment (11.0.1+13) (build 11.0.1+13)
# Java VM: OpenJDK 64-Bit Server VM (11.0.1+13, mixed mode, tiered, compressed oops, g1 gc, windows-amd64)
Heap:
 garbage-first heap   total 312320K, used 91486K [0x0000000703e00000, 0x0000000800000000)
  region size 1024K, 81 young (82944K), 13 survivors (13312K)
 Metaspace       used 67418K, capacity 69248K, committed 69328K, reserved 1110016K
  class space    used 8711K, capacity 9469K, committed 9476K, reserved 1048576K
GC Heap History (10 events):
Event: 2.718 GC heap before
{Heap before GC invocations=2 (full 0):
 garbage-first heap   total 260096K, used 51781K [0x0000000703e00000, 0x0000000800000000)
  region size 1024K, 44 young (45056K), 1 survivors (1024K)
 Metaspace       used 20474K, capacity 21144K, committed 21296K, reserved 1069056K
  class space    used 2307K, capacity 2562K, committed 2608K, reserved 1048576K
}
Event: 2.724 GC heap after
{Heap after GC invocations=3 (full 0):
 garbage-first heap   total 260096K, used 10212K [0x0000000703e00000, 0x0000000800000000)
  region size 1024K, 3 young (3072K), 3 survivors (3072K)
 Metaspace       used 20474K, capacity 21144K, committed 21296K, reserved 1069056K
  class space    used 2307K, capacity 2562K, committed 2608K, reserved 1048576K
}
Event: 4.035 GC heap before
{Heap before GC invocations=4 (full 0):
 garbage-first heap   total 260096K, used 74724K [0x0000000703e00000, 0x0000000800000000)
  region size 1024K, 67 young (68608K), 3 survivors (3072K)
 Metaspace       used 27844K, capacity 28796K, committed 28976K, reserved 1075200K
  class space    used 3377K, capacity 3750K, committed 3888K, reserved 1048576K
}
Event: 4.045 GC heap after
{Heap after GC invocations=5 (full 0):
 garbage-first heap   total 260096K, used 12804K [0x0000000703e00000, 0x0000000800000000)
  region size 1024K, 5 young (5120K), 5 survivors (5120K)
 Metaspace       used 27844K, capacity 28796K, committed 28976K, reserved 1075200K
  class space    used 3377K, capacity 3750K, committed 3888K, reserved 1048576K
}
Event: 5.391 GC heap before
{Heap before GC invocations=5 (full 0):
 garbage-first heap   total 260096K, used 114180K [0x0000000703e00000, 0x0000000800000000)
  region size 1024K, 106 young (108544K), 5 survivors (5120K)
 Metaspace       used 34547K, capacity 35652K, committed 35708K, reserved 1081344K
  class space    used 4098K, capacity 4498K, committed 4528K, reserved 1048576K
}
Event: 5.409 GC heap after
{Heap after GC invocations=6 (full 0):
 garbage-first heap   total 260096K, used 14347K [0x0000000703e00000, 0x0000000800000000)
  region size 1024K, 7 young (7168K), 7 survivors (7168K)
 Metaspace       used 34547K, capacity 35652K, committed 35708K, reserved 1081344K
  class space    used 4098K, capacity 4498K, committed 4528K, reserved 1048576K
}
Event: 13.220 GC heap before
{Heap before GC invocations=7 (full 0):
 garbage-first heap   total 260096K, used 148491K [0x0000000703e00000, 0x0000000800000000)
  region size 1024K, 138 young (141312K), 7 survivors (7168K)
 Metaspace       used 55506K, capacity 56952K, committed 57084K, reserved 1099776K
  class space    used 7050K, capacity 7630K, committed 7728K, reserved 1048576K
}
Event: 13.239 GC heap after
{Heap after GC invocations=8 (full 0):
 garbage-first heap   total 312320K, used 21611K [0x0000000703e00000, 0x0000000800000000)
  region size 1024K, 14 young (14336K), 14 survivors (14336K)
 Metaspace       used 55506K, capacity 56952K, committed 57084K, reserved 1099776K
  class space    used 7050K, capacity 7630K, committed 7728K, reserved 1048576K
}
Event: 13.817 GC heap before
{Heap before GC invocations=8 (full 0):
 garbage-first heap   total 312320K, used 36971K [0x0000000703e00000, 0x0000000800000000)
  region size 1024K, 30 young (30720K), 14 survivors (14336K)
 Metaspace       used 58179K, capacity 59589K, committed 59728K, reserved 1101824K
  class space    used 7389K, capacity 7976K, committed 8068K, reserved 1048576K
}
Event: 13.854 GC heap after
{Heap after GC invocations=9 (full 0):
 garbage-first heap   total 312320K, used 22878K [0x0000000703e00000, 0x0000000800000000)
  region size 1024K, 13 young (13312K), 13 survivors (13312K)
 Metaspace       used 58179K, capacity 59589K, committed 59728K, reserved 1101824K
  class space    used 7389K, capacity 7976K, committed 8068K, reserved 1048576K
}

